<?xml version="1.0" encoding="UTF-8"?>
<!-- Generated by org.testng.reporters.JUnitReportReporter -->
<testsuite hostname="Saranya" failures="0" tests="1" name="response.UpdateUser" time="0.724" errors="0" timestamp="2024-05-20T22:22:45 EDT" skipped="0">
  <testcase classname="response.UpdateUser" name="testUpdateUser" time="0.724"/>
</testsuite> <!-- response.UpdateUser -->
