<?xml version="1.0" encoding="UTF-8"?>
<!-- Generated by org.testng.reporters.JUnitReportReporter -->
<testsuite hostname="Saranya" failures="0" tests="3" name="response.GetUsers" time="5.918" errors="0" timestamp="2024-05-22T19:15:41 EDT" skipped="0">
  <testcase classname="response.GetUsers" name="testGetUserscookies" time="1.586"/>
  <testcase classname="response.GetUsers" name="testGetUsers" time="4.103"/>
  <testcase classname="response.GetUsers" name="testGetUsersWithoutAuth" time="0.229"/>
</testsuite> <!-- response.GetUsers -->
