<?xml version="1.0" encoding="UTF-8"?>
<!-- Generated by org.testng.reporters.JUnitReportReporter -->
<testsuite hostname="Saranya" failures="0" tests="1" name="response.GetUser" time="0.566" errors="0" timestamp="2024-05-17T13:05:26 EDT" skipped="0">
  <testcase classname="response.GetUser" name="testGetUserById" time="0.566"/>
</testsuite> <!-- response.GetUser -->
