<?xml version="1.0" encoding="UTF-8"?>
<!-- Generated by org.testng.reporters.JUnitReportReporter -->
<testsuite hostname="Saranya" failures="0" tests="1" name="response.DeleteByUserId" time="1.125" errors="0" timestamp="2024-05-20T22:22:45 EDT" skipped="0">
  <testcase classname="response.DeleteByUserId" name="testDeleteUser" time="1.125"/>
</testsuite> <!-- response.DeleteByUserId -->
